Build started 12/3/2014 10:38:02 AM.
     1>Project "C:\Users\ds168.CS\Desktop\Visualization\ds168_vtk\vis2008PA\vis2008PA.vcxproj" on node 2 (build target(s)).
     1>InitializeBuildStatus:
         Creating "Debug\vis2008PA.unsuccessfulbuild" because "AlwaysCreate" was specified.
       ClCompile:
         c:\Program Files\Microsoft Visual Studio 10.0\VC\bin\CL.exe /c /I".\include\vtk-5.4" /ZI /nologo /W3 /WX- /Od /Oy- /D WIN32 /D _DEBUG /D _CONSOLE /D _UNICODE /D UNICODE /Gm /EHsc /RTC1 /MDd /GS /fp:precise /Zc:wchar_t /Zc:forScope /Fo"Debug\\" /Fd"Debug\vc100.pdb" /Gd /TP /analyze- /errorReport:prompt main.cpp
         main.cpp
       ManifestResourceCompile:
         All outputs are up-to-date.
       Link:
         c:\Program Files\Microsoft Visual Studio 10.0\VC\bin\link.exe /ERRORREPORT:PROMPT /OUT:"C:\Users\ds168.CS\Desktop\Visualization\ds168_vtk\Debug\vis2008PA.exe" /INCREMENTAL /NOLOGO /LIBPATH:".\lib\vtk-5.4" opengl32.lib vtkCommon.lib vtkDICOMParser.lib vtkexoIIc.lib vtkexpat.lib vtkFiltering.lib vtkfreetype.lib vtkftgl.lib vtkGenericFiltering.lib vtkGraphics.lib vtkHybrid.lib vtkImaging.lib vtkIO.lib vtkjpeg.lib vtkNetCDF.lib vtkpng.lib vtkRendering.lib vtksys.lib vtktiff.lib vtkVolumeRendering.lib vtkWidgets.lib vtkzlib.lib kernel32.lib user32.lib gdi32.lib winspool.lib comdlg32.lib advapi32.lib shell32.lib ole32.lib oleaut32.lib uuid.lib odbc32.lib odbccp32.lib /MANIFEST /ManifestFile:"Debug\vis2008PA.exe.intermediate.manifest" /MANIFESTUAC:"level='asInvoker' uiAccess='false'" /DEBUG /PDB:"C:\Users\ds168.CS\Desktop\Visualization\ds168_vtk\Debug\vis2008PA.pdb" /SUBSYSTEM:CONSOLE /TLBID:1 /DYNAMICBASE /NXCOMPAT /IMPLIB:"C:\Users\ds168.CS\Desktop\Visualization\ds168_vtk\Debug\vis2008PA.lib" /MACHINE:X86 Debug\vis2008PA.exe.embed.manifest.res
         Debug\main.obj
       Manifest:
         C:\Program Files\Microsoft SDKs\Windows\v7.0A\bin\mt.exe /nologo /verbose /out:"Debug\vis2008PA.exe.embed.manifest" /manifest Debug\vis2008PA.exe.intermediate.manifest
         All outputs are up-to-date.
       LinkEmbedManifest:
         All outputs are up-to-date.
         vis2008PA.vcxproj -> C:\Users\ds168.CS\Desktop\Visualization\ds168_vtk\Debug\vis2008PA.exe
       FinalizeBuildStatus:
         Deleting file "Debug\vis2008PA.unsuccessfulbuild".
         Touching "Debug\vis2008PA.lastbuildstate".
     1>Done Building Project "C:\Users\ds168.CS\Desktop\Visualization\ds168_vtk\vis2008PA\vis2008PA.vcxproj" (build target(s)).

Build succeeded.

Time Elapsed 00:00:05.49
