C:\2013 VIS\VIS2010PA\DEBUG\VIS2008PA.EXE
C:\2013 VIS\VIS2010PA\DEBUG\VIS2008PA.ILK
C:\2013 VIS\VIS2010PA\DEBUG\VIS2008PA.PDB
C:\2013 VIS\VIS2010PA\VIS2008PA\DEBUG\MAIN.OBJ
C:\2013 VIS\VIS2010PA\VIS2008PA\DEBUG\VC100.PDB
C:\2013 VIS\VIS2010PA\VIS2008PA\DEBUG\VIS2008PA.EXE.EMBED.MANIFEST
C:\2013 VIS\VIS2010PA\VIS2008PA\DEBUG\VIS2008PA.EXE.EMBED.MANIFEST.RES
C:\2013 VIS\VIS2010PA\VIS2008PA\DEBUG\VIS2008PA.EXE.INTERMEDIATE.MANIFEST
C:\2013 VIS\VIS2010PA-FALL2013\DEBUG\VIS2008PA.EXE
C:\2013 VIS\VIS2010PA-FALL2013\DEBUG\VIS2008PA.ILK
C:\2013 VIS\VIS2010PA-FALL2013\DEBUG\VIS2008PA.PDB
C:\2013 VIS\VIS2010PA-FALL2013\VIS2008PA\DEBUG\MAIN.OBJ
C:\2013 VIS\VIS2010PA-FALL2013\VIS2008PA\DEBUG\VC100.PDB
C:\2013 VIS\VIS2010PA-FALL2013\VIS2008PA\DEBUG\VIS2008PA.EXE.EMBED.MANIFEST.RES
C:\2013 VIS\VIS2010PA-FALL2013\VIS2008PA\DEBUG\VIS2008PA.EXE.INTERMEDIATE.MANIFEST
C:\USERS\DS168.CS.000\DESKTOP\VISUALIZATION\DS168_VTK\DEBUG\VIS2008PA.EXE
C:\USERS\DS168.CS.000\DESKTOP\VISUALIZATION\DS168_VTK\DEBUG\VIS2008PA.ILK
C:\USERS\DS168.CS.000\DESKTOP\VISUALIZATION\DS168_VTK\DEBUG\VIS2008PA.PDB
C:\USERS\DS168.CS.000\DESKTOP\VISUALIZATION\DS168_VTK\VIS2008PA\DEBUG\MAIN.OBJ
C:\USERS\DS168.CS.000\DESKTOP\VISUALIZATION\DS168_VTK\VIS2008PA\DEBUG\VC100.PDB
C:\USERS\DS168.CS.000\DESKTOP\VISUALIZATION\DS168_VTK\VIS2008PA\DEBUG\VIS2008PA.EXE.EMBED.MANIFEST.RES
C:\USERS\DS168.CS.000\DESKTOP\VISUALIZATION\DS168_VTK\VIS2008PA\DEBUG\VIS2008PA.EXE.INTERMEDIATE.MANIFEST
C:\USERS\DS168.CS.000\DESKTOP\VISUALIZATION\PROJECT\DEBUG\VIS2008PA.EXE
C:\USERS\DS168.CS.000\DESKTOP\VISUALIZATION\PROJECT\DEBUG\VIS2008PA.ILK
C:\USERS\DS168.CS.000\DESKTOP\VISUALIZATION\PROJECT\DEBUG\VIS2008PA.PDB
C:\USERS\DS168.CS.000\DESKTOP\VISUALIZATION\PROJECT\VIS2008PA\DEBUG\MAIN.OBJ
C:\USERS\DS168.CS.000\DESKTOP\VISUALIZATION\PROJECT\VIS2008PA\DEBUG\VC100.PDB
C:\USERS\DS168.CS.000\DESKTOP\VISUALIZATION\PROJECT\VIS2008PA\DEBUG\VIS2008PA.EXE.EMBED.MANIFEST.RES
C:\USERS\DS168.CS.000\DESKTOP\VISUALIZATION\PROJECT\VIS2008PA\DEBUG\VIS2008PA.EXE.INTERMEDIATE.MANIFEST
C:\USERS\DS168.CS.001\DESKTOP\VISUALIZATION\DS168_VTK\DEBUG\VIS2008PA.EXE
C:\USERS\DS168.CS.001\DESKTOP\VISUALIZATION\DS168_VTK\DEBUG\VIS2008PA.ILK
C:\USERS\DS168.CS.001\DESKTOP\VISUALIZATION\DS168_VTK\DEBUG\VIS2008PA.PDB
C:\Users\ds168.CS.001\Desktop\Visualization\ds168_vtk\vis2008PA\Debug\cl.command.1.tlog
C:\Users\ds168.CS.001\Desktop\Visualization\ds168_vtk\vis2008PA\Debug\CL.read.1.tlog
C:\Users\ds168.CS.001\Desktop\Visualization\ds168_vtk\vis2008PA\Debug\CL.write.1.tlog
C:\Users\ds168.CS.001\Desktop\Visualization\ds168_vtk\vis2008PA\Debug\link.1084.read.1.tlog
C:\Users\ds168.CS.001\Desktop\Visualization\ds168_vtk\vis2008PA\Debug\link.1084.write.1.tlog
C:\Users\ds168.CS.001\Desktop\Visualization\ds168_vtk\vis2008PA\Debug\link.1084-cvtres.read.1.tlog
C:\Users\ds168.CS.001\Desktop\Visualization\ds168_vtk\vis2008PA\Debug\link.1084-cvtres.write.1.tlog
C:\Users\ds168.CS.001\Desktop\Visualization\ds168_vtk\vis2008PA\Debug\link.1248.read.1.tlog
C:\Users\ds168.CS.001\Desktop\Visualization\ds168_vtk\vis2008PA\Debug\link.1248.write.1.tlog
C:\Users\ds168.CS.001\Desktop\Visualization\ds168_vtk\vis2008PA\Debug\link.1248-cvtres.read.1.tlog
C:\Users\ds168.CS.001\Desktop\Visualization\ds168_vtk\vis2008PA\Debug\link.1248-cvtres.write.1.tlog
C:\Users\ds168.CS.001\Desktop\Visualization\ds168_vtk\vis2008PA\Debug\link.1316.read.1.tlog
C:\Users\ds168.CS.001\Desktop\Visualization\ds168_vtk\vis2008PA\Debug\link.1316.write.1.tlog
C:\Users\ds168.CS.001\Desktop\Visualization\ds168_vtk\vis2008PA\Debug\link.1316-cvtres.read.1.tlog
C:\Users\ds168.CS.001\Desktop\Visualization\ds168_vtk\vis2008PA\Debug\link.1316-cvtres.write.1.tlog
C:\Users\ds168.CS.001\Desktop\Visualization\ds168_vtk\vis2008PA\Debug\link.1328.read.1.tlog
C:\Users\ds168.CS.001\Desktop\Visualization\ds168_vtk\vis2008PA\Debug\link.1328.write.1.tlog
C:\Users\ds168.CS.001\Desktop\Visualization\ds168_vtk\vis2008PA\Debug\link.1328-cvtres.read.1.tlog
C:\Users\ds168.CS.001\Desktop\Visualization\ds168_vtk\vis2008PA\Debug\link.1328-cvtres.write.1.tlog
C:\Users\ds168.CS.001\Desktop\Visualization\ds168_vtk\vis2008PA\Debug\link.1516.read.1.tlog
C:\Users\ds168.CS.001\Desktop\Visualization\ds168_vtk\vis2008PA\Debug\link.1516.write.1.tlog
C:\Users\ds168.CS.001\Desktop\Visualization\ds168_vtk\vis2008PA\Debug\link.1516-cvtres.read.1.tlog
C:\Users\ds168.CS.001\Desktop\Visualization\ds168_vtk\vis2008PA\Debug\link.1516-cvtres.write.1.tlog
C:\Users\ds168.CS.001\Desktop\Visualization\ds168_vtk\vis2008PA\Debug\link.1592.read.1.tlog
C:\Users\ds168.CS.001\Desktop\Visualization\ds168_vtk\vis2008PA\Debug\link.1592.write.1.tlog
C:\Users\ds168.CS.001\Desktop\Visualization\ds168_vtk\vis2008PA\Debug\link.1592-cvtres.read.1.tlog
C:\Users\ds168.CS.001\Desktop\Visualization\ds168_vtk\vis2008PA\Debug\link.1592-cvtres.write.1.tlog
C:\Users\ds168.CS.001\Desktop\Visualization\ds168_vtk\vis2008PA\Debug\link.1640.read.1.tlog
C:\Users\ds168.CS.001\Desktop\Visualization\ds168_vtk\vis2008PA\Debug\link.1640.write.1.tlog
C:\Users\ds168.CS.001\Desktop\Visualization\ds168_vtk\vis2008PA\Debug\link.1640-cvtres.read.1.tlog
C:\Users\ds168.CS.001\Desktop\Visualization\ds168_vtk\vis2008PA\Debug\link.1640-cvtres.write.1.tlog
C:\Users\ds168.CS.001\Desktop\Visualization\ds168_vtk\vis2008PA\Debug\link.1684.read.1.tlog
C:\Users\ds168.CS.001\Desktop\Visualization\ds168_vtk\vis2008PA\Debug\link.1684.write.1.tlog
C:\Users\ds168.CS.001\Desktop\Visualization\ds168_vtk\vis2008PA\Debug\link.1684-cvtres.read.1.tlog
C:\Users\ds168.CS.001\Desktop\Visualization\ds168_vtk\vis2008PA\Debug\link.1684-cvtres.write.1.tlog
C:\Users\ds168.CS.001\Desktop\Visualization\ds168_vtk\vis2008PA\Debug\link.1780.read.1.tlog
C:\Users\ds168.CS.001\Desktop\Visualization\ds168_vtk\vis2008PA\Debug\link.1780.write.1.tlog
C:\Users\ds168.CS.001\Desktop\Visualization\ds168_vtk\vis2008PA\Debug\link.1780-cvtres.read.1.tlog
C:\Users\ds168.CS.001\Desktop\Visualization\ds168_vtk\vis2008PA\Debug\link.1780-cvtres.write.1.tlog
C:\Users\ds168.CS.001\Desktop\Visualization\ds168_vtk\vis2008PA\Debug\link.1928.read.1.tlog
C:\Users\ds168.CS.001\Desktop\Visualization\ds168_vtk\vis2008PA\Debug\link.1928.write.1.tlog
C:\Users\ds168.CS.001\Desktop\Visualization\ds168_vtk\vis2008PA\Debug\link.1928-cvtres.read.1.tlog
C:\Users\ds168.CS.001\Desktop\Visualization\ds168_vtk\vis2008PA\Debug\link.1928-cvtres.write.1.tlog
C:\Users\ds168.CS.001\Desktop\Visualization\ds168_vtk\vis2008PA\Debug\link.2280.read.1.tlog
C:\Users\ds168.CS.001\Desktop\Visualization\ds168_vtk\vis2008PA\Debug\link.2280.write.1.tlog
C:\Users\ds168.CS.001\Desktop\Visualization\ds168_vtk\vis2008PA\Debug\link.2280-cvtres.read.1.tlog
C:\Users\ds168.CS.001\Desktop\Visualization\ds168_vtk\vis2008PA\Debug\link.2280-cvtres.write.1.tlog
C:\Users\ds168.CS.001\Desktop\Visualization\ds168_vtk\vis2008PA\Debug\link.2292.read.1.tlog
C:\Users\ds168.CS.001\Desktop\Visualization\ds168_vtk\vis2008PA\Debug\link.2292.write.1.tlog
C:\Users\ds168.CS.001\Desktop\Visualization\ds168_vtk\vis2008PA\Debug\link.2292-cvtres.read.1.tlog
C:\Users\ds168.CS.001\Desktop\Visualization\ds168_vtk\vis2008PA\Debug\link.2292-cvtres.write.1.tlog
C:\Users\ds168.CS.001\Desktop\Visualization\ds168_vtk\vis2008PA\Debug\link.2396.read.1.tlog
C:\Users\ds168.CS.001\Desktop\Visualization\ds168_vtk\vis2008PA\Debug\link.2396.write.1.tlog
C:\Users\ds168.CS.001\Desktop\Visualization\ds168_vtk\vis2008PA\Debug\link.2396-cvtres.read.1.tlog
C:\Users\ds168.CS.001\Desktop\Visualization\ds168_vtk\vis2008PA\Debug\link.2396-cvtres.write.1.tlog
C:\Users\ds168.CS.001\Desktop\Visualization\ds168_vtk\vis2008PA\Debug\link.2408.read.1.tlog
C:\Users\ds168.CS.001\Desktop\Visualization\ds168_vtk\vis2008PA\Debug\link.2408.write.1.tlog
C:\Users\ds168.CS.001\Desktop\Visualization\ds168_vtk\vis2008PA\Debug\link.2408-cvtres.read.1.tlog
C:\Users\ds168.CS.001\Desktop\Visualization\ds168_vtk\vis2008PA\Debug\link.2408-cvtres.write.1.tlog
C:\Users\ds168.CS.001\Desktop\Visualization\ds168_vtk\vis2008PA\Debug\link.248.read.1.tlog
C:\Users\ds168.CS.001\Desktop\Visualization\ds168_vtk\vis2008PA\Debug\link.248.write.1.tlog
C:\Users\ds168.CS.001\Desktop\Visualization\ds168_vtk\vis2008PA\Debug\link.248-cvtres.read.1.tlog
C:\Users\ds168.CS.001\Desktop\Visualization\ds168_vtk\vis2008PA\Debug\link.248-cvtres.write.1.tlog
C:\Users\ds168.CS.001\Desktop\Visualization\ds168_vtk\vis2008PA\Debug\link.2560.read.1.tlog
C:\Users\ds168.CS.001\Desktop\Visualization\ds168_vtk\vis2008PA\Debug\link.2560.write.1.tlog
C:\Users\ds168.CS.001\Desktop\Visualization\ds168_vtk\vis2008PA\Debug\link.2560-cvtres.read.1.tlog
C:\Users\ds168.CS.001\Desktop\Visualization\ds168_vtk\vis2008PA\Debug\link.2560-cvtres.write.1.tlog
C:\Users\ds168.CS.001\Desktop\Visualization\ds168_vtk\vis2008PA\Debug\link.2716.read.1.tlog
C:\Users\ds168.CS.001\Desktop\Visualization\ds168_vtk\vis2008PA\Debug\link.2716.write.1.tlog
C:\Users\ds168.CS.001\Desktop\Visualization\ds168_vtk\vis2008PA\Debug\link.2716-cvtres.read.1.tlog
C:\Users\ds168.CS.001\Desktop\Visualization\ds168_vtk\vis2008PA\Debug\link.2716-cvtres.write.1.tlog
C:\Users\ds168.CS.001\Desktop\Visualization\ds168_vtk\vis2008PA\Debug\link.2720.read.1.tlog
C:\Users\ds168.CS.001\Desktop\Visualization\ds168_vtk\vis2008PA\Debug\link.2720.write.1.tlog
C:\Users\ds168.CS.001\Desktop\Visualization\ds168_vtk\vis2008PA\Debug\link.2720-cvtres.read.1.tlog
C:\Users\ds168.CS.001\Desktop\Visualization\ds168_vtk\vis2008PA\Debug\link.2720-cvtres.write.1.tlog
C:\Users\ds168.CS.001\Desktop\Visualization\ds168_vtk\vis2008PA\Debug\link.2736.read.1.tlog
C:\Users\ds168.CS.001\Desktop\Visualization\ds168_vtk\vis2008PA\Debug\link.2736.write.1.tlog
C:\Users\ds168.CS.001\Desktop\Visualization\ds168_vtk\vis2008PA\Debug\link.2736-cvtres.read.1.tlog
C:\Users\ds168.CS.001\Desktop\Visualization\ds168_vtk\vis2008PA\Debug\link.2736-cvtres.write.1.tlog
C:\Users\ds168.CS.001\Desktop\Visualization\ds168_vtk\vis2008PA\Debug\link.3064.read.1.tlog
C:\Users\ds168.CS.001\Desktop\Visualization\ds168_vtk\vis2008PA\Debug\link.3064.write.1.tlog
C:\Users\ds168.CS.001\Desktop\Visualization\ds168_vtk\vis2008PA\Debug\link.3064-cvtres.read.1.tlog
C:\Users\ds168.CS.001\Desktop\Visualization\ds168_vtk\vis2008PA\Debug\link.3064-cvtres.write.1.tlog
C:\Users\ds168.CS.001\Desktop\Visualization\ds168_vtk\vis2008PA\Debug\link.3144.read.1.tlog
C:\Users\ds168.CS.001\Desktop\Visualization\ds168_vtk\vis2008PA\Debug\link.3144.write.1.tlog
C:\Users\ds168.CS.001\Desktop\Visualization\ds168_vtk\vis2008PA\Debug\link.3144-cvtres.read.1.tlog
C:\Users\ds168.CS.001\Desktop\Visualization\ds168_vtk\vis2008PA\Debug\link.3144-cvtres.write.1.tlog
C:\Users\ds168.CS.001\Desktop\Visualization\ds168_vtk\vis2008PA\Debug\link.3164.read.1.tlog
C:\Users\ds168.CS.001\Desktop\Visualization\ds168_vtk\vis2008PA\Debug\link.3164.write.1.tlog
C:\Users\ds168.CS.001\Desktop\Visualization\ds168_vtk\vis2008PA\Debug\link.3164-cvtres.read.1.tlog
C:\Users\ds168.CS.001\Desktop\Visualization\ds168_vtk\vis2008PA\Debug\link.3164-cvtres.write.1.tlog
C:\Users\ds168.CS.001\Desktop\Visualization\ds168_vtk\vis2008PA\Debug\link.3344.read.1.tlog
C:\Users\ds168.CS.001\Desktop\Visualization\ds168_vtk\vis2008PA\Debug\link.3344.write.1.tlog
C:\Users\ds168.CS.001\Desktop\Visualization\ds168_vtk\vis2008PA\Debug\link.3344-cvtres.read.1.tlog
C:\Users\ds168.CS.001\Desktop\Visualization\ds168_vtk\vis2008PA\Debug\link.3344-cvtres.write.1.tlog
C:\Users\ds168.CS.001\Desktop\Visualization\ds168_vtk\vis2008PA\Debug\link.3352.read.1.tlog
C:\Users\ds168.CS.001\Desktop\Visualization\ds168_vtk\vis2008PA\Debug\link.3352.write.1.tlog
C:\Users\ds168.CS.001\Desktop\Visualization\ds168_vtk\vis2008PA\Debug\link.3352-cvtres.read.1.tlog
C:\Users\ds168.CS.001\Desktop\Visualization\ds168_vtk\vis2008PA\Debug\link.3352-cvtres.write.1.tlog
C:\Users\ds168.CS.001\Desktop\Visualization\ds168_vtk\vis2008PA\Debug\link.3356.read.1.tlog
C:\Users\ds168.CS.001\Desktop\Visualization\ds168_vtk\vis2008PA\Debug\link.3356.write.1.tlog
C:\Users\ds168.CS.001\Desktop\Visualization\ds168_vtk\vis2008PA\Debug\link.3356-cvtres.read.1.tlog
C:\Users\ds168.CS.001\Desktop\Visualization\ds168_vtk\vis2008PA\Debug\link.3356-cvtres.write.1.tlog
C:\Users\ds168.CS.001\Desktop\Visualization\ds168_vtk\vis2008PA\Debug\link.336.read.1.tlog
C:\Users\ds168.CS.001\Desktop\Visualization\ds168_vtk\vis2008PA\Debug\link.336.write.1.tlog
C:\Users\ds168.CS.001\Desktop\Visualization\ds168_vtk\vis2008PA\Debug\link.3360.read.1.tlog
C:\Users\ds168.CS.001\Desktop\Visualization\ds168_vtk\vis2008PA\Debug\link.3360.write.1.tlog
C:\Users\ds168.CS.001\Desktop\Visualization\ds168_vtk\vis2008PA\Debug\link.3360-cvtres.read.1.tlog
C:\Users\ds168.CS.001\Desktop\Visualization\ds168_vtk\vis2008PA\Debug\link.3360-cvtres.write.1.tlog
C:\Users\ds168.CS.001\Desktop\Visualization\ds168_vtk\vis2008PA\Debug\link.336-cvtres.read.1.tlog
C:\Users\ds168.CS.001\Desktop\Visualization\ds168_vtk\vis2008PA\Debug\link.336-cvtres.write.1.tlog
C:\Users\ds168.CS.001\Desktop\Visualization\ds168_vtk\vis2008PA\Debug\link.3436.read.1.tlog
C:\Users\ds168.CS.001\Desktop\Visualization\ds168_vtk\vis2008PA\Debug\link.3436.write.1.tlog
C:\Users\ds168.CS.001\Desktop\Visualization\ds168_vtk\vis2008PA\Debug\link.3436-cvtres.read.1.tlog
C:\Users\ds168.CS.001\Desktop\Visualization\ds168_vtk\vis2008PA\Debug\link.3436-cvtres.write.1.tlog
C:\Users\ds168.CS.001\Desktop\Visualization\ds168_vtk\vis2008PA\Debug\link.3472.read.1.tlog
C:\Users\ds168.CS.001\Desktop\Visualization\ds168_vtk\vis2008PA\Debug\link.3472.write.1.tlog
C:\Users\ds168.CS.001\Desktop\Visualization\ds168_vtk\vis2008PA\Debug\link.3472-cvtres.read.1.tlog
C:\Users\ds168.CS.001\Desktop\Visualization\ds168_vtk\vis2008PA\Debug\link.3472-cvtres.write.1.tlog
C:\Users\ds168.CS.001\Desktop\Visualization\ds168_vtk\vis2008PA\Debug\link.3504.read.1.tlog
C:\Users\ds168.CS.001\Desktop\Visualization\ds168_vtk\vis2008PA\Debug\link.3504.write.1.tlog
C:\Users\ds168.CS.001\Desktop\Visualization\ds168_vtk\vis2008PA\Debug\link.3504-cvtres.read.1.tlog
C:\Users\ds168.CS.001\Desktop\Visualization\ds168_vtk\vis2008PA\Debug\link.3504-cvtres.write.1.tlog
C:\Users\ds168.CS.001\Desktop\Visualization\ds168_vtk\vis2008PA\Debug\link.3644.read.1.tlog
C:\Users\ds168.CS.001\Desktop\Visualization\ds168_vtk\vis2008PA\Debug\link.3644.write.1.tlog
C:\Users\ds168.CS.001\Desktop\Visualization\ds168_vtk\vis2008PA\Debug\link.3644-cvtres.read.1.tlog
C:\Users\ds168.CS.001\Desktop\Visualization\ds168_vtk\vis2008PA\Debug\link.3644-cvtres.write.1.tlog
C:\Users\ds168.CS.001\Desktop\Visualization\ds168_vtk\vis2008PA\Debug\link.3760.read.1.tlog
C:\Users\ds168.CS.001\Desktop\Visualization\ds168_vtk\vis2008PA\Debug\link.3760.write.1.tlog
C:\Users\ds168.CS.001\Desktop\Visualization\ds168_vtk\vis2008PA\Debug\link.3760-cvtres.read.1.tlog
C:\Users\ds168.CS.001\Desktop\Visualization\ds168_vtk\vis2008PA\Debug\link.3760-cvtres.write.1.tlog
C:\Users\ds168.CS.001\Desktop\Visualization\ds168_vtk\vis2008PA\Debug\link.3876.read.1.tlog
C:\Users\ds168.CS.001\Desktop\Visualization\ds168_vtk\vis2008PA\Debug\link.3876.write.1.tlog
C:\Users\ds168.CS.001\Desktop\Visualization\ds168_vtk\vis2008PA\Debug\link.3876-cvtres.read.1.tlog
C:\Users\ds168.CS.001\Desktop\Visualization\ds168_vtk\vis2008PA\Debug\link.3876-cvtres.write.1.tlog
C:\Users\ds168.CS.001\Desktop\Visualization\ds168_vtk\vis2008PA\Debug\link.3908.read.1.tlog
C:\Users\ds168.CS.001\Desktop\Visualization\ds168_vtk\vis2008PA\Debug\link.3908.write.1.tlog
C:\Users\ds168.CS.001\Desktop\Visualization\ds168_vtk\vis2008PA\Debug\link.3908-cvtres.read.1.tlog
C:\Users\ds168.CS.001\Desktop\Visualization\ds168_vtk\vis2008PA\Debug\link.3908-cvtres.write.1.tlog
C:\Users\ds168.CS.001\Desktop\Visualization\ds168_vtk\vis2008PA\Debug\link.3960.read.1.tlog
C:\Users\ds168.CS.001\Desktop\Visualization\ds168_vtk\vis2008PA\Debug\link.3960.write.1.tlog
C:\Users\ds168.CS.001\Desktop\Visualization\ds168_vtk\vis2008PA\Debug\link.3960-cvtres.read.1.tlog
C:\Users\ds168.CS.001\Desktop\Visualization\ds168_vtk\vis2008PA\Debug\link.3960-cvtres.write.1.tlog
C:\Users\ds168.CS.001\Desktop\Visualization\ds168_vtk\vis2008PA\Debug\link.416.read.1.tlog
C:\Users\ds168.CS.001\Desktop\Visualization\ds168_vtk\vis2008PA\Debug\link.416.write.1.tlog
C:\Users\ds168.CS.001\Desktop\Visualization\ds168_vtk\vis2008PA\Debug\link.416-cvtres.read.1.tlog
C:\Users\ds168.CS.001\Desktop\Visualization\ds168_vtk\vis2008PA\Debug\link.416-cvtres.write.1.tlog
C:\Users\ds168.CS.001\Desktop\Visualization\ds168_vtk\vis2008PA\Debug\link.4240.read.1.tlog
C:\Users\ds168.CS.001\Desktop\Visualization\ds168_vtk\vis2008PA\Debug\link.4240.write.1.tlog
C:\Users\ds168.CS.001\Desktop\Visualization\ds168_vtk\vis2008PA\Debug\link.4240-cvtres.read.1.tlog
C:\Users\ds168.CS.001\Desktop\Visualization\ds168_vtk\vis2008PA\Debug\link.4240-cvtres.write.1.tlog
C:\Users\ds168.CS.001\Desktop\Visualization\ds168_vtk\vis2008PA\Debug\link.4404.read.1.tlog
C:\Users\ds168.CS.001\Desktop\Visualization\ds168_vtk\vis2008PA\Debug\link.4404.write.1.tlog
C:\Users\ds168.CS.001\Desktop\Visualization\ds168_vtk\vis2008PA\Debug\link.4404-cvtres.read.1.tlog
C:\Users\ds168.CS.001\Desktop\Visualization\ds168_vtk\vis2008PA\Debug\link.4404-cvtres.write.1.tlog
C:\Users\ds168.CS.001\Desktop\Visualization\ds168_vtk\vis2008PA\Debug\link.4464.read.1.tlog
C:\Users\ds168.CS.001\Desktop\Visualization\ds168_vtk\vis2008PA\Debug\link.4464.write.1.tlog
C:\Users\ds168.CS.001\Desktop\Visualization\ds168_vtk\vis2008PA\Debug\link.4464-cvtres.read.1.tlog
C:\Users\ds168.CS.001\Desktop\Visualization\ds168_vtk\vis2008PA\Debug\link.4464-cvtres.write.1.tlog
C:\Users\ds168.CS.001\Desktop\Visualization\ds168_vtk\vis2008PA\Debug\link.4548.read.1.tlog
C:\Users\ds168.CS.001\Desktop\Visualization\ds168_vtk\vis2008PA\Debug\link.4548.write.1.tlog
C:\Users\ds168.CS.001\Desktop\Visualization\ds168_vtk\vis2008PA\Debug\link.4548-cvtres.read.1.tlog
C:\Users\ds168.CS.001\Desktop\Visualization\ds168_vtk\vis2008PA\Debug\link.4548-cvtres.write.1.tlog
C:\Users\ds168.CS.001\Desktop\Visualization\ds168_vtk\vis2008PA\Debug\link.468.read.1.tlog
C:\Users\ds168.CS.001\Desktop\Visualization\ds168_vtk\vis2008PA\Debug\link.468.write.1.tlog
C:\Users\ds168.CS.001\Desktop\Visualization\ds168_vtk\vis2008PA\Debug\link.468-cvtres.read.1.tlog
C:\Users\ds168.CS.001\Desktop\Visualization\ds168_vtk\vis2008PA\Debug\link.468-cvtres.write.1.tlog
C:\Users\ds168.CS.001\Desktop\Visualization\ds168_vtk\vis2008PA\Debug\link.4692.read.1.tlog
C:\Users\ds168.CS.001\Desktop\Visualization\ds168_vtk\vis2008PA\Debug\link.4692.write.1.tlog
C:\Users\ds168.CS.001\Desktop\Visualization\ds168_vtk\vis2008PA\Debug\link.4692-cvtres.read.1.tlog
C:\Users\ds168.CS.001\Desktop\Visualization\ds168_vtk\vis2008PA\Debug\link.4692-cvtres.write.1.tlog
C:\Users\ds168.CS.001\Desktop\Visualization\ds168_vtk\vis2008PA\Debug\link.4736.read.1.tlog
C:\Users\ds168.CS.001\Desktop\Visualization\ds168_vtk\vis2008PA\Debug\link.4736.write.1.tlog
C:\Users\ds168.CS.001\Desktop\Visualization\ds168_vtk\vis2008PA\Debug\link.4736-cvtres.read.1.tlog
C:\Users\ds168.CS.001\Desktop\Visualization\ds168_vtk\vis2008PA\Debug\link.4736-cvtres.write.1.tlog
C:\Users\ds168.CS.001\Desktop\Visualization\ds168_vtk\vis2008PA\Debug\link.4900.read.1.tlog
C:\Users\ds168.CS.001\Desktop\Visualization\ds168_vtk\vis2008PA\Debug\link.4900.write.1.tlog
C:\Users\ds168.CS.001\Desktop\Visualization\ds168_vtk\vis2008PA\Debug\link.4900-cvtres.read.1.tlog
C:\Users\ds168.CS.001\Desktop\Visualization\ds168_vtk\vis2008PA\Debug\link.4900-cvtres.write.1.tlog
C:\Users\ds168.CS.001\Desktop\Visualization\ds168_vtk\vis2008PA\Debug\link.492.read.1.tlog
C:\Users\ds168.CS.001\Desktop\Visualization\ds168_vtk\vis2008PA\Debug\link.492.write.1.tlog
C:\Users\ds168.CS.001\Desktop\Visualization\ds168_vtk\vis2008PA\Debug\link.492-cvtres.read.1.tlog
C:\Users\ds168.CS.001\Desktop\Visualization\ds168_vtk\vis2008PA\Debug\link.492-cvtres.write.1.tlog
C:\Users\ds168.CS.001\Desktop\Visualization\ds168_vtk\vis2008PA\Debug\link.4968.read.1.tlog
C:\Users\ds168.CS.001\Desktop\Visualization\ds168_vtk\vis2008PA\Debug\link.4968.write.1.tlog
C:\Users\ds168.CS.001\Desktop\Visualization\ds168_vtk\vis2008PA\Debug\link.4968-cvtres.read.1.tlog
C:\Users\ds168.CS.001\Desktop\Visualization\ds168_vtk\vis2008PA\Debug\link.4968-cvtres.write.1.tlog
C:\Users\ds168.CS.001\Desktop\Visualization\ds168_vtk\vis2008PA\Debug\link.5128.read.1.tlog
C:\Users\ds168.CS.001\Desktop\Visualization\ds168_vtk\vis2008PA\Debug\link.5128.write.1.tlog
C:\Users\ds168.CS.001\Desktop\Visualization\ds168_vtk\vis2008PA\Debug\link.5128-cvtres.read.1.tlog
C:\Users\ds168.CS.001\Desktop\Visualization\ds168_vtk\vis2008PA\Debug\link.5128-cvtres.write.1.tlog
C:\Users\ds168.CS.001\Desktop\Visualization\ds168_vtk\vis2008PA\Debug\link.520.read.1.tlog
C:\Users\ds168.CS.001\Desktop\Visualization\ds168_vtk\vis2008PA\Debug\link.520.write.1.tlog
C:\Users\ds168.CS.001\Desktop\Visualization\ds168_vtk\vis2008PA\Debug\link.520-cvtres.read.1.tlog
C:\Users\ds168.CS.001\Desktop\Visualization\ds168_vtk\vis2008PA\Debug\link.520-cvtres.write.1.tlog
C:\Users\ds168.CS.001\Desktop\Visualization\ds168_vtk\vis2008PA\Debug\link.524.read.1.tlog
C:\Users\ds168.CS.001\Desktop\Visualization\ds168_vtk\vis2008PA\Debug\link.524.write.1.tlog
C:\Users\ds168.CS.001\Desktop\Visualization\ds168_vtk\vis2008PA\Debug\link.524-cvtres.read.1.tlog
C:\Users\ds168.CS.001\Desktop\Visualization\ds168_vtk\vis2008PA\Debug\link.524-cvtres.write.1.tlog
C:\Users\ds168.CS.001\Desktop\Visualization\ds168_vtk\vis2008PA\Debug\link.5308.read.1.tlog
C:\Users\ds168.CS.001\Desktop\Visualization\ds168_vtk\vis2008PA\Debug\link.5308.write.1.tlog
C:\Users\ds168.CS.001\Desktop\Visualization\ds168_vtk\vis2008PA\Debug\link.5308-cvtres.read.1.tlog
C:\Users\ds168.CS.001\Desktop\Visualization\ds168_vtk\vis2008PA\Debug\link.5308-cvtres.write.1.tlog
C:\Users\ds168.CS.001\Desktop\Visualization\ds168_vtk\vis2008PA\Debug\link.5476.read.1.tlog
C:\Users\ds168.CS.001\Desktop\Visualization\ds168_vtk\vis2008PA\Debug\link.5476.write.1.tlog
C:\Users\ds168.CS.001\Desktop\Visualization\ds168_vtk\vis2008PA\Debug\link.5476-cvtres.read.1.tlog
C:\Users\ds168.CS.001\Desktop\Visualization\ds168_vtk\vis2008PA\Debug\link.5476-cvtres.write.1.tlog
C:\Users\ds168.CS.001\Desktop\Visualization\ds168_vtk\vis2008PA\Debug\link.5504.read.1.tlog
C:\Users\ds168.CS.001\Desktop\Visualization\ds168_vtk\vis2008PA\Debug\link.5504.write.1.tlog
C:\Users\ds168.CS.001\Desktop\Visualization\ds168_vtk\vis2008PA\Debug\link.5504-cvtres.read.1.tlog
C:\Users\ds168.CS.001\Desktop\Visualization\ds168_vtk\vis2008PA\Debug\link.5504-cvtres.write.1.tlog
C:\Users\ds168.CS.001\Desktop\Visualization\ds168_vtk\vis2008PA\Debug\link.5520.read.1.tlog
C:\Users\ds168.CS.001\Desktop\Visualization\ds168_vtk\vis2008PA\Debug\link.5520.write.1.tlog
C:\Users\ds168.CS.001\Desktop\Visualization\ds168_vtk\vis2008PA\Debug\link.5520-cvtres.read.1.tlog
C:\Users\ds168.CS.001\Desktop\Visualization\ds168_vtk\vis2008PA\Debug\link.5520-cvtres.write.1.tlog
C:\Users\ds168.CS.001\Desktop\Visualization\ds168_vtk\vis2008PA\Debug\link.5564.read.1.tlog
C:\Users\ds168.CS.001\Desktop\Visualization\ds168_vtk\vis2008PA\Debug\link.5564.write.1.tlog
C:\Users\ds168.CS.001\Desktop\Visualization\ds168_vtk\vis2008PA\Debug\link.5564-cvtres.read.1.tlog
C:\Users\ds168.CS.001\Desktop\Visualization\ds168_vtk\vis2008PA\Debug\link.5564-cvtres.write.1.tlog
C:\Users\ds168.CS.001\Desktop\Visualization\ds168_vtk\vis2008PA\Debug\link.568.read.1.tlog
C:\Users\ds168.CS.001\Desktop\Visualization\ds168_vtk\vis2008PA\Debug\link.568.write.1.tlog
C:\Users\ds168.CS.001\Desktop\Visualization\ds168_vtk\vis2008PA\Debug\link.568-cvtres.read.1.tlog
C:\Users\ds168.CS.001\Desktop\Visualization\ds168_vtk\vis2008PA\Debug\link.568-cvtres.write.1.tlog
C:\Users\ds168.CS.001\Desktop\Visualization\ds168_vtk\vis2008PA\Debug\link.5736.read.1.tlog
C:\Users\ds168.CS.001\Desktop\Visualization\ds168_vtk\vis2008PA\Debug\link.5736.write.1.tlog
C:\Users\ds168.CS.001\Desktop\Visualization\ds168_vtk\vis2008PA\Debug\link.5736-cvtres.read.1.tlog
C:\Users\ds168.CS.001\Desktop\Visualization\ds168_vtk\vis2008PA\Debug\link.5736-cvtres.write.1.tlog
C:\Users\ds168.CS.001\Desktop\Visualization\ds168_vtk\vis2008PA\Debug\link.5920.read.1.tlog
C:\Users\ds168.CS.001\Desktop\Visualization\ds168_vtk\vis2008PA\Debug\link.5920.write.1.tlog
C:\Users\ds168.CS.001\Desktop\Visualization\ds168_vtk\vis2008PA\Debug\link.5920-cvtres.read.1.tlog
C:\Users\ds168.CS.001\Desktop\Visualization\ds168_vtk\vis2008PA\Debug\link.5920-cvtres.write.1.tlog
C:\Users\ds168.CS.001\Desktop\Visualization\ds168_vtk\vis2008PA\Debug\link.5944.read.1.tlog
C:\Users\ds168.CS.001\Desktop\Visualization\ds168_vtk\vis2008PA\Debug\link.5944.write.1.tlog
C:\Users\ds168.CS.001\Desktop\Visualization\ds168_vtk\vis2008PA\Debug\link.5944-cvtres.read.1.tlog
C:\Users\ds168.CS.001\Desktop\Visualization\ds168_vtk\vis2008PA\Debug\link.5944-cvtres.write.1.tlog
C:\Users\ds168.CS.001\Desktop\Visualization\ds168_vtk\vis2008PA\Debug\link.5960.read.1.tlog
C:\Users\ds168.CS.001\Desktop\Visualization\ds168_vtk\vis2008PA\Debug\link.5960.write.1.tlog
C:\Users\ds168.CS.001\Desktop\Visualization\ds168_vtk\vis2008PA\Debug\link.5960-cvtres.read.1.tlog
C:\Users\ds168.CS.001\Desktop\Visualization\ds168_vtk\vis2008PA\Debug\link.5960-cvtres.write.1.tlog
C:\Users\ds168.CS.001\Desktop\Visualization\ds168_vtk\vis2008PA\Debug\link.6056.read.1.tlog
C:\Users\ds168.CS.001\Desktop\Visualization\ds168_vtk\vis2008PA\Debug\link.6056.write.1.tlog
C:\Users\ds168.CS.001\Desktop\Visualization\ds168_vtk\vis2008PA\Debug\link.6056-cvtres.read.1.tlog
C:\Users\ds168.CS.001\Desktop\Visualization\ds168_vtk\vis2008PA\Debug\link.6056-cvtres.write.1.tlog
C:\Users\ds168.CS.001\Desktop\Visualization\ds168_vtk\vis2008PA\Debug\link.6128.read.1.tlog
C:\Users\ds168.CS.001\Desktop\Visualization\ds168_vtk\vis2008PA\Debug\link.6128.write.1.tlog
C:\Users\ds168.CS.001\Desktop\Visualization\ds168_vtk\vis2008PA\Debug\link.6128-cvtres.read.1.tlog
C:\Users\ds168.CS.001\Desktop\Visualization\ds168_vtk\vis2008PA\Debug\link.6128-cvtres.write.1.tlog
C:\Users\ds168.CS.001\Desktop\Visualization\ds168_vtk\vis2008PA\Debug\link.732.read.1.tlog
C:\Users\ds168.CS.001\Desktop\Visualization\ds168_vtk\vis2008PA\Debug\link.732.write.1.tlog
C:\Users\ds168.CS.001\Desktop\Visualization\ds168_vtk\vis2008PA\Debug\link.732-cvtres.read.1.tlog
C:\Users\ds168.CS.001\Desktop\Visualization\ds168_vtk\vis2008PA\Debug\link.732-cvtres.write.1.tlog
C:\Users\ds168.CS.001\Desktop\Visualization\ds168_vtk\vis2008PA\Debug\link.command.1.tlog
C:\Users\ds168.CS.001\Desktop\Visualization\ds168_vtk\vis2008PA\Debug\link.read.1.tlog
C:\Users\ds168.CS.001\Desktop\Visualization\ds168_vtk\vis2008PA\Debug\link.write.1.tlog
C:\Users\ds168.CS.001\Desktop\Visualization\ds168_vtk\vis2008PA\Debug\link-cvtres.read.1.tlog
C:\Users\ds168.CS.001\Desktop\Visualization\ds168_vtk\vis2008PA\Debug\link-cvtres.write.1.tlog
C:\USERS\DS168.CS.001\DESKTOP\VISUALIZATION\DS168_VTK\VIS2008PA\DEBUG\MAIN.OBJ
C:\Users\ds168.CS.001\Desktop\Visualization\ds168_vtk\vis2008PA\Debug\mt.command.1.tlog
C:\Users\ds168.CS.001\Desktop\Visualization\ds168_vtk\vis2008PA\Debug\mt.read.1.tlog
C:\Users\ds168.CS.001\Desktop\Visualization\ds168_vtk\vis2008PA\Debug\mt.write.1.tlog
C:\Users\ds168.CS.001\Desktop\Visualization\ds168_vtk\vis2008PA\Debug\rc.command.1.tlog
C:\Users\ds168.CS.001\Desktop\Visualization\ds168_vtk\vis2008PA\Debug\rc.read.1.tlog
C:\Users\ds168.CS.001\Desktop\Visualization\ds168_vtk\vis2008PA\Debug\rc.write.1.tlog
C:\Users\ds168.CS.001\Desktop\Visualization\ds168_vtk\vis2008PA\Debug\vc100.idb
C:\USERS\DS168.CS.001\DESKTOP\VISUALIZATION\DS168_VTK\VIS2008PA\DEBUG\VC100.PDB
C:\Users\ds168.CS.001\Desktop\Visualization\ds168_vtk\vis2008PA\Debug\vis2008PA.exe.embed.manifest
C:\USERS\DS168.CS.001\DESKTOP\VISUALIZATION\DS168_VTK\VIS2008PA\DEBUG\VIS2008PA.EXE.EMBED.MANIFEST.RES
C:\USERS\DS168.CS.001\DESKTOP\VISUALIZATION\DS168_VTK\VIS2008PA\DEBUG\VIS2008PA.EXE.INTERMEDIATE.MANIFEST
C:\Users\ds168.CS.001\Desktop\Visualization\ds168_vtk\vis2008PA\Debug\vis2008PA.vcxprojResolveAssemblyReference.cache
C:\Users\ds168.CS.001\Desktop\Visualization\ds168_vtk\vis2008PA\Debug\vis2008PA.write.1.tlog
C:\Users\ds168.CS.001\Desktop\Visualization\ds168_vtk\vis2008PA\Debug\vis2008PA_manifest.rc
C:\USERS\DS168.CS\DESKTOP\VISUALIZATION\PROJECT\DEBUG\VIS2008PA.EXE
C:\USERS\DS168.CS\DESKTOP\VISUALIZATION\PROJECT\DEBUG\VIS2008PA.ILK
C:\USERS\DS168.CS\DESKTOP\VISUALIZATION\PROJECT\DEBUG\VIS2008PA.PDB
C:\USERS\DS168.CS\DESKTOP\VISUALIZATION\PROJECT\VIS2008PA\DEBUG\MAIN.OBJ
C:\USERS\DS168.CS\DESKTOP\VISUALIZATION\PROJECT\VIS2008PA\DEBUG\VC100.PDB
C:\USERS\DS168.CS\DESKTOP\VISUALIZATION\PROJECT\VIS2008PA\DEBUG\VIS2008PA.EXE.EMBED.MANIFEST.RES
C:\USERS\DS168.CS\DESKTOP\VISUALIZATION\PROJECT\VIS2008PA\DEBUG\VIS2008PA.EXE.INTERMEDIATE.MANIFEST
C:\USERS\DS168\DESKTOP\DS168_VTK\DEBUG\VIS2008PA.EXE
C:\USERS\DS168\DESKTOP\DS168_VTK\DEBUG\VIS2008PA.ILK
C:\USERS\DS168\DESKTOP\DS168_VTK\DEBUG\VIS2008PA.PDB
C:\USERS\DS168\DESKTOP\DS168_VTK\VIS2008PA\DEBUG\MAIN.OBJ
C:\USERS\DS168\DESKTOP\DS168_VTK\VIS2008PA\DEBUG\VC100.PDB
C:\USERS\DS168\DESKTOP\DS168_VTK\VIS2008PA\DEBUG\VIS2008PA.EXE.EMBED.MANIFEST.RES
C:\USERS\DS168\DESKTOP\DS168_VTK\VIS2008PA\DEBUG\VIS2008PA.EXE.INTERMEDIATE.MANIFEST
C:\USERS\DS168\DESKTOP\VISUALIZATION\DS168_VTK\DEBUG\VIS2008PA.EXE
C:\USERS\DS168\DESKTOP\VISUALIZATION\DS168_VTK\DEBUG\VIS2008PA.ILK
C:\USERS\DS168\DESKTOP\VISUALIZATION\DS168_VTK\DEBUG\VIS2008PA.PDB
C:\USERS\DS168\DESKTOP\VISUALIZATION\DS168_VTK\VIS2008PA\DEBUG\MAIN.OBJ
C:\USERS\DS168\DESKTOP\VISUALIZATION\DS168_VTK\VIS2008PA\DEBUG\VC100.PDB
C:\USERS\DS168\DESKTOP\VISUALIZATION\DS168_VTK\VIS2008PA\DEBUG\VIS2008PA.EXE.EMBED.MANIFEST.RES
C:\USERS\DS168\DESKTOP\VISUALIZATION\DS168_VTK\VIS2008PA\DEBUG\VIS2008PA.EXE.INTERMEDIATE.MANIFEST
C:\USERS\DS168\DESKTOP\VISUALIZATION\PROJECT\DEBUG\VIS2008PA.EXE
C:\USERS\DS168\DESKTOP\VISUALIZATION\PROJECT\DEBUG\VIS2008PA.ILK
C:\USERS\DS168\DESKTOP\VISUALIZATION\PROJECT\DEBUG\VIS2008PA.PDB
C:\USERS\DS168\DESKTOP\VISUALIZATION\PROJECT\VIS2008PA\DEBUG\MAIN.OBJ
C:\USERS\DS168\DESKTOP\VISUALIZATION\PROJECT\VIS2008PA\DEBUG\VC100.PDB
C:\USERS\DS168\DESKTOP\VISUALIZATION\PROJECT\VIS2008PA\DEBUG\VIS2008PA.EXE.EMBED.MANIFEST.RES
C:\USERS\DS168\DESKTOP\VISUALIZATION\PROJECT\VIS2008PA\DEBUG\VIS2008PA.EXE.INTERMEDIATE.MANIFEST
C:\USERS\DS168\DOWNLOADS\VIS2010PA-FALL2013\DEBUG\VIS2008PA.EXE
C:\USERS\DS168\DOWNLOADS\VIS2010PA-FALL2013\DEBUG\VIS2008PA.ILK
C:\USERS\DS168\DOWNLOADS\VIS2010PA-FALL2013\DEBUG\VIS2008PA.PDB
C:\USERS\DS168\DOWNLOADS\VIS2010PA-FALL2013\VIS2008PA\DEBUG\MAIN.OBJ
C:\USERS\DS168\DOWNLOADS\VIS2010PA-FALL2013\VIS2008PA\DEBUG\VC100.PDB
C:\USERS\DS168\DOWNLOADS\VIS2010PA-FALL2013\VIS2008PA\DEBUG\VIS2008PA.EXE.EMBED.MANIFEST.RES
C:\USERS\DS168\DOWNLOADS\VIS2010PA-FALL2013\VIS2008PA\DEBUG\VIS2008PA.EXE.INTERMEDIATE.MANIFEST
Z:\DS168_VTK\DEBUG\VIS2008PA.EXE
Z:\DS168_VTK\DEBUG\VIS2008PA.ILK
Z:\DS168_VTK\DEBUG\VIS2008PA.PDB
Z:\DS168_VTK\VIS2008PA\DEBUG\MAIN.OBJ
Z:\DS168_VTK\VIS2008PA\DEBUG\VC100.PDB
Z:\DS168_VTK\VIS2008PA\DEBUG\VIS2008PA.EXE.EMBED.MANIFEST.RES
Z:\DS168_VTK\VIS2008PA\DEBUG\VIS2008PA.EXE.INTERMEDIATE.MANIFEST
